<?xml version="1.0" encoding="UTF-8"?>
<!-- Generated by org.testng.reporters.JUnitXMLReporter -->
<testsuite hostname="GatedONTech-PC" name="AdminPageIcons" tests="1" failures="1" timestamp="25 Jul 2019 10:15:54 GMT" time="5.385" errors="0">
  <testcase name="Adminpageicons" time="5.279" classname="testcase.AdminPageIcons">
    <failure type="java.lang.NoClassDefFoundError" message="org/apache/commons/collections4/ListValuedMap">
      <![CDATA[java.lang.NoClassDefFoundError: org/apache/commons/collections4/ListValuedMap
	at base.Xls_Reader.<init>(Xls_Reader.java:30)
	at testcase.AdminPageIcons.Adminpageicons(AdminPageIcons.java:21)
Caused by: java.lang.ClassNotFoundException: org.apache.commons.collections4.ListValuedMap
	at java.net.URLClassLoader.findClass(Unknown Source)
	at java.lang.ClassLoader.loadClass(Unknown Source)
	at sun.misc.Launcher$AppClassLoader.loadClass(Unknown Source)
	at java.lang.ClassLoader.loadClass(Unknown Source)
	... 26 more
... Removed 24 stack frames]]>
    </failure>
  </testcase> <!-- Adminpageicons -->
</testsuite> <!-- AdminPageIcons -->
