<?xml version="1.0" encoding="UTF-8"?>
<testng-results skipped="0" failed="1" total="1" passed="0">
  <reporter-output>
  </reporter-output>
  <suite name="Default suite" duration-ms="6516" started-at="2019-07-25T10:15:48Z" finished-at="2019-07-25T10:15:54Z">
    <groups>
    </groups>
    <test name="Default test" duration-ms="25" started-at="2019-07-25T10:15:48Z" finished-at="2019-07-25T10:15:48Z">
    </test> <!-- Default test -->
    <test name="Login" duration-ms="1" started-at="2019-07-25T10:15:49Z" finished-at="2019-07-25T10:15:49Z">
    </test> <!-- Login -->
    <test name="Admin" duration-ms="1" started-at="2019-07-25T10:15:49Z" finished-at="2019-07-25T10:15:49Z">
    </test> <!-- Admin -->
    <test name="AdminPageIcons" duration-ms="5385" started-at="2019-07-25T10:15:49Z" finished-at="2019-07-25T10:15:54Z">
      <class name="testcase.AdminPageIcons">
        <test-method status="FAIL" signature="Adminpageicons()[pri:0, instance:testcase.AdminPageIcons@1417077]" name="Adminpageicons" duration-ms="5279" started-at="2019-07-25T15:45:49Z" finished-at="2019-07-25T15:45:54Z">
          <exception class="java.lang.NoClassDefFoundError">
            <message>
              <![CDATA[org/apache/commons/collections4/ListValuedMap]]>
            </message>
            <full-stacktrace>
              <![CDATA[java.lang.NoClassDefFoundError: org/apache/commons/collections4/ListValuedMap
	at base.Xls_Reader.<init>(Xls_Reader.java:30)
	at testcase.AdminPageIcons.Adminpageicons(AdminPageIcons.java:21)
	at sun.reflect.NativeMethodAccessorImpl.invoke0(Native Method)
	at sun.reflect.NativeMethodAccessorImpl.invoke(Unknown Source)
	at sun.reflect.DelegatingMethodAccessorImpl.invoke(Unknown Source)
	at java.lang.reflect.Method.invoke(Unknown Source)
	at org.testng.internal.MethodInvocationHelper.invokeMethod(MethodInvocationHelper.java:80)
	at org.testng.internal.Invoker.invokeMethod(Invoker.java:715)
	at org.testng.internal.Invoker.invokeTestMethod(Invoker.java:907)
	at org.testng.internal.Invoker.invokeTestMethods(Invoker.java:1237)
	at org.testng.internal.TestMethodWorker.invokeTestMethods(TestMethodWorker.java:127)
	at org.testng.internal.TestMethodWorker.run(TestMethodWorker.java:111)
	at org.testng.TestRunner.privateRun(TestRunner.java:767)
	at org.testng.TestRunner.run(TestRunner.java:617)
	at org.testng.SuiteRunner.runTest(SuiteRunner.java:334)
	at org.testng.SuiteRunner.runSequentially(SuiteRunner.java:329)
	at org.testng.SuiteRunner.privateRun(SuiteRunner.java:291)
	at org.testng.SuiteRunner.run(SuiteRunner.java:240)
	at org.testng.SuiteRunnerWorker.runSuite(SuiteRunnerWorker.java:51)
	at org.testng.SuiteRunnerWorker.run(SuiteRunnerWorker.java:85)
	at org.testng.TestNG.runSuitesSequentially(TestNG.java:1197)
	at org.testng.TestNG.runSuitesLocally(TestNG.java:1122)
	at org.testng.TestNG.run(TestNG.java:1030)
	at org.testng.remote.RemoteTestNG.run(RemoteTestNG.java:115)
	at org.testng.remote.RemoteTestNG.initAndRun(RemoteTestNG.java:207)
	at org.testng.remote.RemoteTestNG.main(RemoteTestNG.java:178)
Caused by: java.lang.ClassNotFoundException: org.apache.commons.collections4.ListValuedMap
	at java.net.URLClassLoader.findClass(Unknown Source)
	at java.lang.ClassLoader.loadClass(Unknown Source)
	at sun.misc.Launcher$AppClassLoader.loadClass(Unknown Source)
	at java.lang.ClassLoader.loadClass(Unknown Source)
	... 26 more
]]>
            </full-stacktrace>
          </exception> <!-- java.lang.NoClassDefFoundError -->
          <reporter-output>
          </reporter-output>
        </test-method> <!-- Adminpageicons -->
      </class> <!-- testcase.AdminPageIcons -->
      <class name="testcase.Login">
        <test-method status="PASS" signature="log()[pri:0, instance:testcase.Login@17b1517]" name="log" is-config="true" duration-ms="56674" started-at="2019-07-25T15:44:51Z" finished-at="2019-07-25T15:45:48Z">
          <reporter-output>
          </reporter-output>
        </test-method> <!-- log -->
        <test-method status="PASS" signature="exit()[pri:0, instance:testcase.Login@17b1517]" name="exit" is-config="true" duration-ms="0" started-at="2019-07-25T15:45:54Z" finished-at="2019-07-25T15:45:54Z">
          <reporter-output>
          </reporter-output>
        </test-method> <!-- exit -->
      </class> <!-- testcase.Login -->
    </test> <!-- AdminPageIcons -->
  </suite> <!-- Default suite -->
</testng-results>
